(c) Copyright IBM Corporation 1993,2007
Command Line Processor for DB2 Client 11.5.4.0

You can issue database manager commands and SQL statements from the command 
prompt. For example:
    db2 => connect to sample
    db2 => bind sample.bnd

For general help, type: ?.
For command help, type: ? command, where command can be
the first few keywords of a database manager command. For example:
 ? CATALOG DATABASE for help on the CATALOG DATABASE command
 ? CATALOG          for help on all of the CATALOG commands.

To exit db2 interactive mode, type QUIT at the command prompt. Outside 
interactive mode, all commands must be prefixed with 'db2'.
To list the current command option settings, type LIST COMMAND OPTIONS.

For more detailed help, refer to the Online Reference Manual.

db2 => db2 => db2 => db2 => db2 => CONNECT TO cs421

   Database Connection Information

 Database server        = DB2/LINUXX8664 11.5.4.0
 SQL authorization ID   = NKABOL
 Local database alias   = CS421


db2 => db2 => db2 => db2 => db2 => db2 => db2 => db2 => db2 (cont.) => db2 (cont.) => db2 (cont.) => db2 (cont.) => db2 (cont.) => db2 (cont.) => db2 (cont.) => db2 (cont.) => db2 (cont.) => db2 (cont.) => db2 (cont.) => db2 (cont.) => db2 (cont.) => db2 (cont.) => CREATE TABLE Mother ( HcId        INT         NOT NULL, Name        VARCHAR(30) NOT NULL, Phone       VARCHAR(15) NOT NULL, DoB         DATE        NOT NULL, Addr        VARCHAR(50) NOT NULL, Email       VARCHAR(30) NOT NULL UNIQUE, Profession  VARCHAR(20) NOT NULL, DueD        DATE        NOT NULL, BloodT      VARCHAR(4), PRIMARY KEY (HcId) )
DB20000I  The SQL command completed successfully.

db2 => db2 => db2 (cont.) => db2 (cont.) => db2 (cont.) => db2 (cont.) => db2 (cont.) => db2 (cont.) => db2 (cont.) => db2 (cont.) => db2 (cont.) => db2 (cont.) => db2 (cont.) => db2 (cont.) => db2 (cont.) => db2 (cont.) => CREATE TABLE Father ( Fid         INT NOT NULL, Name        VARCHAR(30) NOT NULL, Phone       VARCHAR(15) NOT NULL, DoB         DATE        NOT NULL, Profession  VARCHAR(20) NOT NULL, Addr        VARCHAR(50), Email       VARCHAR(30), BloodT      VARCHAR(4), Hid         INT, PRIMARY KEY (Fid) )
DB20000I  The SQL command completed successfully.

db2 => db2 => db2 (cont.) => db2 (cont.) => db2 (cont.) => db2 (cont.) => db2 (cont.) => db2 (cont.) => db2 (cont.) => db2 (cont.) => db2 (cont.) => db2 (cont.) => db2 (cont.) => CREATE TABLE Couple ( Cid         INT NOT NULL, HcId        INT NOT NULL, Fid         INT, Appr        BOOLEAN with default FALSE, --approved
 PRIMARY KEY (Cid), FOREIGN KEY (HcId) REFERENCES Mother, FOREIGN KEY (Fid)  REFERENCES Father )
DB20000I  The SQL command completed successfully.

db2 => db2 => db2 (cont.) => db2 (cont.) => db2 (cont.) => db2 (cont.) => db2 (cont.) => db2 (cont.) => db2 (cont.) => db2 (cont.) => db2 (cont.) => db2 (cont.) => CREATE TABLE Facilities ( Hid         INT NOT NULL, Name        VARCHAR(30) NOT NULL, Addr        VARCHAR(50) NOT NULL, Email       VARCHAR(30) NOT NULL, Phone       VARCHAR(15) NOT NULL, Web         VARCHAR(30) NOT NULL, PRIMARY KEY (Hid) )
DB20000I  The SQL command completed successfully.

db2 => db2 => db2 (cont.) => db2 (cont.) => db2 (cont.) => db2 (cont.) => db2 (cont.) => CREATE TABLE CommClinic ( Hid         INT NOT NULL, PRIMARY KEY (Hid), FOREIGN KEY (Hid) REFERENCES Facilities )
DB20000I  The SQL command completed successfully.

db2 => db2 => db2 (cont.) => db2 (cont.) => db2 (cont.) => db2 (cont.) => db2 (cont.) => db2 (cont.) => CREATE TABLE BirthCenter ( Hid         INT NOT NULL, Capacity    INT, PRIMARY KEY (Hid), FOREIGN KEY (Hid) REFERENCES Facilities )
DB20000I  The SQL command completed successfully.

db2 => db2 => db2 (cont.) => db2 (cont.) => db2 (cont.) => db2 (cont.) => db2 (cont.) => db2 (cont.) => db2 (cont.) => db2 (cont.) => db2 (cont.) => db2 (cont.) => CREATE TABLE Midwife ( MidId       INT NOT NULL, Hid         INT NOT NULL, Name        VARCHAR(30) NOT NULL, Phone       VARCHAR(15) NOT NULL, Email       VARCHAR(30) NOT NULL UNIQUE, PRIMARY KEY (MidId), FOREIGN KEY (Hid) REFERENCES Facilities )
DB20000I  The SQL command completed successfully.

db2 => db2 => db2 (cont.) => db2 (cont.) => db2 (cont.) => db2 (cont.) => db2 (cont.) => db2 (cont.) => db2 (cont.) => CREATE TABLE Technician ( TechId      INT NOT NULL, Name        VARCHAR(50) NOT NULL, Phone       VARCHAR(15), PRIMARY KEY (TechId) )
DB20000I  The SQL command completed successfully.

db2 => db2 => db2 (cont.) => db2 (cont.) => db2 (cont.) => db2 (cont.) => db2 (cont.) => db2 (cont.) => db2 (cont.) => db2 (cont.) => db2 (cont.) => db2 (cont.) => db2 (cont.) => db2 (cont.) => db2 (cont.) => db2 (cont.) => db2 (cont.) => db2 (cont.) => db2 (cont.) => CREATE TABLE Pregnancy ( Cid         INT NOT NULL, Num         INT NOT NULL, PrimID      INT NOT NULL, BackupID    INT, Status      VARCHAR(50) NOT NULL, Hid         INT, Interested  BOOLEAN, HomeBirth   BOOLEAN with default FALSE, DONE        BOOLEAN with default FALSE, PRIMARY KEY (Cid, Num), FOREIGN KEY (Hid) REFERENCES BirthCenter, FOREIGN KEY (Cid) REFERENCES Couple, FOREIGN KEY (PrimID) REFERENCES Midwife, FOREIGN KEY (BackupID) REFERENCES Midwife )
DB20000I  The SQL command completed successfully.

db2 => db2 => db2 (cont.) => db2 (cont.) => db2 (cont.) => db2 (cont.) => db2 (cont.) => db2 (cont.) => db2 (cont.) => db2 (cont.) => db2 (cont.) => CREATE TABLE DueDates ( Cid         INT NOT NULL, Num         INT NOT NULL, ApproxD     DATE NOT NULL, Info        VARCHAR(2000), PRIMARY KEY (Cid, Num, ApproxD), FOREIGN KEY (Cid, Num) REFERENCES Pregnancy )
DB20000I  The SQL command completed successfully.

db2 => db2 => db2 (cont.) => db2 (cont.) => db2 (cont.) => db2 (cont.) => db2 (cont.) => db2 (cont.) => db2 (cont.) => db2 (cont.) => db2 (cont.) => db2 (cont.) => db2 (cont.) => db2 (cont.) => db2 (cont.) => db2 (cont.) => CREATE TABLE Baby ( Bid         INT NOT NULL, Cid         INT NOT NULL, Num         INT NOT NULL, Name        VARCHAR(50), Gender      VARCHAR(50), DoB         DATE, BTime       TIME, BloodT      VARCHAR(4), PRIMARY KEY (Bid), FOREIGN KEY (Cid, Num) REFERENCES Pregnancy )
DB20000I  The SQL command completed successfully.

db2 => db2 => db2 (cont.) => db2 (cont.) => db2 (cont.) => db2 (cont.) => db2 (cont.) => db2 (cont.) => db2 (cont.) => db2 (cont.) => db2 (cont.) => db2 (cont.) => db2 (cont.) => db2 (cont.) => CREATE TABLE Appointment ( Aid         INT NOT NULL, Date        DATE NOT NULL, Time        TIME NOT NULL, Num         INT NOT NULL, Cid         INT NOT NULL, MidId       INT NOT NULL, PRIMARY KEY (Aid), FOREIGN KEY (Cid, Num) REFERENCES Pregnancy, FOREIGN KEY (MidId) REFERENCES Midwife )
DB20000I  The SQL command completed successfully.

db2 => db2 => db2 (cont.) => db2 (cont.) => db2 (cont.) => db2 (cont.) => db2 (cont.) => db2 (cont.) => db2 (cont.) => db2 (cont.) => db2 (cont.) => db2 (cont.) => db2 (cont.) => CREATE TABLE InfoSess ( Iid         INT NOT NULL, MidId       INT NOT NULL, Date        DATE NOT NULL, Time        TIME NOT NULL, Lang        VARCHAR(30) NOT NULL, Capacity    INT NOT NULL, PRIMARY KEY (Iid), FOREIGN KEY (MidId) REFERENCES Midwife )
DB20000I  The SQL command completed successfully.

db2 => db2 => db2 (cont.) => db2 (cont.) => db2 (cont.) => db2 (cont.) => db2 (cont.) => db2 (cont.) => db2 (cont.) => db2 (cont.) => db2 (cont.) => CREATE TABLE InfoRegisteration ( Iid        INT NOT NULL, Cid        INT NOT NUll, Attended   BOOLEAN, PRIMARY KEY (Iid, Cid), FOREIGN KEY (Cid) REFERENCES Couple, FOREIGN KEY (Iid) REFERENCES InfoSess )
DB20000I  The SQL command completed successfully.

db2 => db2 => db2 (cont.) => db2 (cont.) => db2 (cont.) => db2 (cont.) => db2 (cont.) => db2 (cont.) => db2 (cont.) => db2 (cont.) => db2 (cont.) => CREATE TABLE Notes ( Aid         INT NOT NULL, Date        Date NOT NULL, Time        Time NOT NULL, Text        VARCHAR(2000) NOT NUll, PRIMARY KEY (Aid, Date, Time), FOREIGN KEY (Aid) REFERENCES Appointment )
DB20000I  The SQL command completed successfully.

db2 => db2 => db2 (cont.) => db2 (cont.) => db2 (cont.) => db2 (cont.) => db2 (cont.) => db2 (cont.) => db2 (cont.) => db2 (cont.) => db2 (cont.) => db2 (cont.) => db2 (cont.) => db2 (cont.) => db2 (cont.) => db2 (cont.) => db2 (cont.) => db2 (cont.) => db2 (cont.) => db2 (cont.) => db2 (cont.) => CREATE TABLE Tests ( Tid         INT NOT NULL, MidId       INT NOT NULL, Num         INT NOT NULL, Cid         INT NOT NULL, Ttype       VARCHAR(50) NOT NULL, PresDate    DATE NOT NULL, SampDate    DATE, LabDate     DATE, TechId      INT, Bid         INT, Results     VARCHAR(50), PRIMARY KEY (Tid), FOREIGN KEY (MidId) REFERENCES Midwife, FOREIGN KEY (Cid, Num) REFERENCES Pregnancy, FOREIGN KEY (Bid) REFERENCES Baby, FOREIGN KEY (TechId) REFERENCES Technician )
DB20000I  The SQL command completed successfully.

db2 => db2 => 