22/04/07 04:10:48 INFO pig.ExecTypeProvider: Trying ExecType : LOCAL
22/04/07 04:10:48 INFO pig.ExecTypeProvider: Trying ExecType : MAPREDUCE
22/04/07 04:10:48 INFO pig.ExecTypeProvider: Picked MAPREDUCE as the ExecType
2022-04-07 04:10:48,545 [main] INFO  org.apache.pig.Main - Apache Pig version 0.15.0 (r1682971) compiled Jun 01 2015, 11:44:35
2022-04-07 04:10:48,545 [main] INFO  org.apache.pig.Main - Logging error messages to: /home/2020/nkabol/pig_1649319048543.log
2022-04-07 04:10:49,256 [main] INFO  org.apache.pig.impl.util.Utils - Default bootup file /home/2020/nkabol/.pigbootup not found
2022-04-07 04:10:49,410 [main] INFO  org.apache.hadoop.conf.Configuration.deprecation - mapred.job.tracker is deprecated. Instead, use mapreduce.jobtracker.address
2022-04-07 04:10:49,410 [main] INFO  org.apache.hadoop.conf.Configuration.deprecation - fs.default.name is deprecated. Instead, use fs.defaultFS
2022-04-07 04:10:49,410 [main] INFO  org.apache.pig.backend.hadoop.executionengine.HExecutionEngine - Connecting to hadoop file system at: hdfs://winter2022-comp421-1.cs.mcgill.ca:9000
2022-04-07 04:10:50,501 [main] INFO  org.apache.hadoop.conf.Configuration.deprecation - fs.default.name is deprecated. Instead, use fs.defaultFS
2022-04-07 04:10:50,672 [main] INFO  org.apache.pig.tools.pigstats.ScriptState - Pig features used in the script: GROUP_BY,ORDER_BY,LIMIT
2022-04-07 04:10:50,705 [main] INFO  org.apache.hadoop.conf.Configuration.deprecation - fs.default.name is deprecated. Instead, use fs.defaultFS
2022-04-07 04:10:50,708 [main] INFO  org.apache.pig.data.SchemaTupleBackend - Key [pig.schematuple] was not set... will not generate code.
2022-04-07 04:10:50,743 [main] INFO  org.apache.pig.newplan.logical.optimizer.LogicalPlanOptimizer - {RULES_ENABLED=[AddForEach, ColumnMapKeyPrune, ConstantCalculator, GroupByConstParallelSetter, LimitOptimizer, LoadTypeCastInserter, MergeFilter, MergeForEach, PartitionFilterOptimizer, PredicatePushdownOptimizer, PushDownForEachFlatten, PushUpFilter, SplitFilter, StreamTypeCastInserter]}
2022-04-07 04:10:50,852 [main] INFO  org.apache.pig.backend.hadoop.executionengine.mapReduceLayer.MRCompiler - File concatenation threshold: 100 optimistic? false
2022-04-07 04:10:50,891 [main] INFO  org.apache.pig.backend.hadoop.executionengine.util.CombinerOptimizerUtil - Choosing to move algebraic foreach to combiner
2022-04-07 04:10:50,922 [main] INFO  org.apache.pig.backend.hadoop.executionengine.mapReduceLayer.SecondaryKeyOptimizerMR - Using Secondary Key Optimization for MapReduce node scope-31
2022-04-07 04:10:50,934 [main] INFO  org.apache.pig.backend.hadoop.executionengine.mapReduceLayer.MultiQueryOptimizer - MR plan size before optimization: 4
2022-04-07 04:10:50,935 [main] INFO  org.apache.pig.backend.hadoop.executionengine.mapReduceLayer.MultiQueryOptimizer - MR plan size after optimization: 4
2022-04-07 04:10:50,973 [main] INFO  org.apache.hadoop.conf.Configuration.deprecation - fs.default.name is deprecated. Instead, use fs.defaultFS
2022-04-07 04:10:51,009 [main] INFO  org.apache.hadoop.yarn.client.RMProxy - Connecting to ResourceManager at winter2022-comp421-1.cs.mcgill.ca/132.206.51.211:8032
2022-04-07 04:10:51,195 [main] INFO  org.apache.pig.tools.pigstats.mapreduce.MRScriptState - Pig script settings are added to the job
2022-04-07 04:10:51,199 [main] INFO  org.apache.hadoop.conf.Configuration.deprecation - mapred.job.reduce.markreset.buffer.percent is deprecated. Instead, use mapreduce.reduce.markreset.buffer.percent
2022-04-07 04:10:51,199 [main] INFO  org.apache.pig.backend.hadoop.executionengine.mapReduceLayer.JobControlCompiler - mapred.job.reduce.markreset.buffer.percent is not set, set to default 0.3
2022-04-07 04:10:51,199 [main] INFO  org.apache.hadoop.conf.Configuration.deprecation - mapred.output.compress is deprecated. Instead, use mapreduce.output.fileoutputformat.compress
2022-04-07 04:10:51,201 [main] INFO  org.apache.pig.backend.hadoop.executionengine.mapReduceLayer.JobControlCompiler - Reduce phase detected, estimating # of required reducers.
2022-04-07 04:10:51,202 [main] INFO  org.apache.pig.backend.hadoop.executionengine.mapReduceLayer.JobControlCompiler - Using reducer estimator: org.apache.pig.backend.hadoop.executionengine.mapReduceLayer.InputSizeReducerEstimator
2022-04-07 04:10:51,213 [main] INFO  org.apache.pig.backend.hadoop.executionengine.mapReduceLayer.InputSizeReducerEstimator - BytesPerReducer=1000000000 maxReducers=999 totalInputFileSize=42207
2022-04-07 04:10:51,213 [main] INFO  org.apache.pig.backend.hadoop.executionengine.mapReduceLayer.JobControlCompiler - Setting Parallelism to 1
2022-04-07 04:10:51,213 [main] INFO  org.apache.hadoop.conf.Configuration.deprecation - mapred.reduce.tasks is deprecated. Instead, use mapreduce.job.reduces
2022-04-07 04:10:51,213 [main] INFO  org.apache.pig.backend.hadoop.executionengine.mapReduceLayer.JobControlCompiler - This job cannot be converted run in-process
2022-04-07 04:10:51,516 [main] INFO  org.apache.pig.backend.hadoop.executionengine.mapReduceLayer.JobControlCompiler - Added jar file:/data/cs421/softwares/apache/pig-0.15.0/pig-0.15.0-core-h2.jar to DistributedCache through /tmp/temp1912907158/tmp-2026482324/pig-0.15.0-core-h2.jar
2022-04-07 04:10:51,552 [main] INFO  org.apache.pig.backend.hadoop.executionengine.mapReduceLayer.JobControlCompiler - Added jar file:/data/cs421/softwares/apache/pig-0.15.0/lib/automaton-1.11-8.jar to DistributedCache through /tmp/temp1912907158/tmp-1321392098/automaton-1.11-8.jar
2022-04-07 04:10:51,586 [main] INFO  org.apache.pig.backend.hadoop.executionengine.mapReduceLayer.JobControlCompiler - Added jar file:/data/cs421/softwares/apache/pig-0.15.0/lib/antlr-runtime-3.4.jar to DistributedCache through /tmp/temp1912907158/tmp51565843/antlr-runtime-3.4.jar
2022-04-07 04:10:51,629 [main] INFO  org.apache.pig.backend.hadoop.executionengine.mapReduceLayer.JobControlCompiler - Added jar file:/data/cs421/softwares/apache/pig-0.15.0/lib/joda-time-2.5.jar to DistributedCache through /tmp/temp1912907158/tmp70852863/joda-time-2.5.jar
2022-04-07 04:10:51,667 [main] INFO  org.apache.pig.backend.hadoop.executionengine.mapReduceLayer.JobControlCompiler - Setting up single store job
2022-04-07 04:10:51,674 [main] INFO  org.apache.pig.data.SchemaTupleFrontend - Key [pig.schematuple] is false, will not generate code.
2022-04-07 04:10:51,674 [main] INFO  org.apache.pig.data.SchemaTupleFrontend - Starting process to move generated code to distributed cacche
2022-04-07 04:10:51,674 [main] INFO  org.apache.pig.data.SchemaTupleFrontend - Setting key [pig.schematuple.classes] with classes to deserialize []
2022-04-07 04:10:51,778 [main] INFO  org.apache.pig.backend.hadoop.executionengine.mapReduceLayer.MapReduceLauncher - 1 map-reduce job(s) waiting for submission.
2022-04-07 04:10:51,779 [main] INFO  org.apache.hadoop.conf.Configuration.deprecation - mapred.job.tracker.http.address is deprecated. Instead, use mapreduce.jobtracker.http.address
2022-04-07 04:10:51,785 [JobControl] INFO  org.apache.hadoop.yarn.client.RMProxy - Connecting to ResourceManager at winter2022-comp421-1.cs.mcgill.ca/132.206.51.211:8032
2022-04-07 04:10:51,801 [JobControl] INFO  org.apache.hadoop.conf.Configuration.deprecation - fs.default.name is deprecated. Instead, use fs.defaultFS
2022-04-07 04:10:51,894 [JobControl] WARN  org.apache.hadoop.mapreduce.JobResourceUploader - No job jar file set.  User classes may not be found. See Job or Job#setJar(String).
2022-04-07 04:10:51,933 [JobControl] INFO  org.apache.hadoop.mapreduce.lib.input.FileInputFormat - Total input paths to process : 1
2022-04-07 04:10:51,934 [JobControl] INFO  org.apache.pig.backend.hadoop.executionengine.util.MapRedUtil - Total input paths to process : 1
2022-04-07 04:10:51,950 [JobControl] INFO  org.apache.pig.backend.hadoop.executionengine.util.MapRedUtil - Total input paths (combined) to process : 1
2022-04-07 04:10:52,057 [JobControl] INFO  org.apache.hadoop.mapreduce.JobSubmitter - number of splits:1
2022-04-07 04:10:52,175 [JobControl] INFO  org.apache.hadoop.mapreduce.JobSubmitter - Submitting tokens for job: job_1646255334772_26435
2022-04-07 04:10:52,356 [JobControl] INFO  org.apache.hadoop.mapred.YARNRunner - Job jar is not present. Not adding any jar to the list of resources.
2022-04-07 04:10:52,425 [JobControl] INFO  org.apache.hadoop.yarn.client.api.impl.YarnClientImpl - Submitted application application_1646255334772_26435
2022-04-07 04:10:52,464 [JobControl] INFO  org.apache.hadoop.mapreduce.Job - The url to track the job: http://winter2022-comp421-1.cs.mcgill.ca:8088/proxy/application_1646255334772_26435/
2022-04-07 04:10:52,464 [main] INFO  org.apache.pig.backend.hadoop.executionengine.mapReduceLayer.MapReduceLauncher - HadoopJobId: job_1646255334772_26435
2022-04-07 04:10:52,464 [main] INFO  org.apache.pig.backend.hadoop.executionengine.mapReduceLayer.MapReduceLauncher - Processing aliases countries,sum_countries,vax_info
2022-04-07 04:10:52,465 [main] INFO  org.apache.pig.backend.hadoop.executionengine.mapReduceLayer.MapReduceLauncher - detailed locations: M: vax_info[1,11],vax_info[-1,-1],sum_countries[5,16],countries[3,12] C: sum_countries[5,16],countries[3,12] R: sum_countries[5,16]
2022-04-07 04:10:52,476 [main] INFO  org.apache.pig.backend.hadoop.executionengine.mapReduceLayer.MapReduceLauncher - 0% complete
2022-04-07 04:10:52,477 [main] INFO  org.apache.pig.backend.hadoop.executionengine.mapReduceLayer.MapReduceLauncher - Running jobs are [job_1646255334772_26435]
2022-04-07 04:11:26,631 [main] INFO  org.apache.pig.backend.hadoop.executionengine.mapReduceLayer.MapReduceLauncher - 12% complete
2022-04-07 04:11:26,631 [main] INFO  org.apache.pig.backend.hadoop.executionengine.mapReduceLayer.MapReduceLauncher - Running jobs are [job_1646255334772_26435]
2022-04-07 04:11:31,639 [main] INFO  org.apache.pig.backend.hadoop.executionengine.mapReduceLayer.MapReduceLauncher - 25% complete
2022-04-07 04:11:31,639 [main] INFO  org.apache.pig.backend.hadoop.executionengine.mapReduceLayer.MapReduceLauncher - Running jobs are [job_1646255334772_26435]
2022-04-07 04:11:32,644 [main] INFO  org.apache.hadoop.yarn.client.RMProxy - Connecting to ResourceManager at winter2022-comp421-1.cs.mcgill.ca/132.206.51.211:8032
2022-04-07 04:11:32,655 [main] INFO  org.apache.hadoop.mapred.ClientServiceDelegate - Application state is completed. FinalApplicationStatus=SUCCEEDED. Redirecting to job history server
2022-04-07 04:11:32,855 [main] INFO  org.apache.hadoop.yarn.client.RMProxy - Connecting to ResourceManager at winter2022-comp421-1.cs.mcgill.ca/132.206.51.211:8032
2022-04-07 04:11:32,860 [main] INFO  org.apache.hadoop.mapred.ClientServiceDelegate - Application state is completed. FinalApplicationStatus=SUCCEEDED. Redirecting to job history server
2022-04-07 04:11:32,910 [main] INFO  org.apache.hadoop.yarn.client.RMProxy - Connecting to ResourceManager at winter2022-comp421-1.cs.mcgill.ca/132.206.51.211:8032
2022-04-07 04:11:32,913 [main] INFO  org.apache.hadoop.mapred.ClientServiceDelegate - Application state is completed. FinalApplicationStatus=SUCCEEDED. Redirecting to job history server
2022-04-07 04:11:32,955 [main] INFO  org.apache.pig.tools.pigstats.mapreduce.MRScriptState - Pig script settings are added to the job
2022-04-07 04:11:32,955 [main] INFO  org.apache.pig.backend.hadoop.executionengine.mapReduceLayer.JobControlCompiler - mapred.job.reduce.markreset.buffer.percent is not set, set to default 0.3
2022-04-07 04:11:32,956 [main] INFO  org.apache.pig.backend.hadoop.executionengine.mapReduceLayer.JobControlCompiler - Reduce phase detected, estimating # of required reducers.
2022-04-07 04:11:32,956 [main] INFO  org.apache.pig.backend.hadoop.executionengine.mapReduceLayer.JobControlCompiler - Using reducer estimator: org.apache.pig.backend.hadoop.executionengine.mapReduceLayer.InputSizeReducerEstimator
2022-04-07 04:11:32,968 [main] INFO  org.apache.pig.backend.hadoop.executionengine.mapReduceLayer.InputSizeReducerEstimator - BytesPerReducer=1000000000 maxReducers=999 totalInputFileSize=581
2022-04-07 04:11:32,969 [main] INFO  org.apache.pig.backend.hadoop.executionengine.mapReduceLayer.JobControlCompiler - Setting Parallelism to 1
2022-04-07 04:11:32,969 [main] INFO  org.apache.pig.backend.hadoop.executionengine.mapReduceLayer.JobControlCompiler - This job cannot be converted run in-process
2022-04-07 04:11:33,117 [main] INFO  org.apache.pig.backend.hadoop.executionengine.mapReduceLayer.JobControlCompiler - Added jar file:/data/cs421/softwares/apache/pig-0.15.0/pig-0.15.0-core-h2.jar to DistributedCache through /tmp/temp1912907158/tmp-53201846/pig-0.15.0-core-h2.jar
2022-04-07 04:11:33,145 [main] INFO  org.apache.pig.backend.hadoop.executionengine.mapReduceLayer.JobControlCompiler - Added jar file:/data/cs421/softwares/apache/pig-0.15.0/lib/automaton-1.11-8.jar to DistributedCache through /tmp/temp1912907158/tmp1111427006/automaton-1.11-8.jar
2022-04-07 04:11:33,173 [main] INFO  org.apache.pig.backend.hadoop.executionengine.mapReduceLayer.JobControlCompiler - Added jar file:/data/cs421/softwares/apache/pig-0.15.0/lib/antlr-runtime-3.4.jar to DistributedCache through /tmp/temp1912907158/tmp963476239/antlr-runtime-3.4.jar
2022-04-07 04:11:33,227 [main] INFO  org.apache.pig.backend.hadoop.executionengine.mapReduceLayer.JobControlCompiler - Added jar file:/data/cs421/softwares/apache/pig-0.15.0/lib/joda-time-2.5.jar to DistributedCache through /tmp/temp1912907158/tmp-1640887970/joda-time-2.5.jar
2022-04-07 04:11:33,241 [main] INFO  org.apache.pig.backend.hadoop.executionengine.mapReduceLayer.JobControlCompiler - Setting up single store job
2022-04-07 04:11:33,242 [main] INFO  org.apache.pig.data.SchemaTupleFrontend - Key [pig.schematuple] is false, will not generate code.
2022-04-07 04:11:33,242 [main] INFO  org.apache.pig.data.SchemaTupleFrontend - Starting process to move generated code to distributed cacche
2022-04-07 04:11:33,242 [main] INFO  org.apache.pig.data.SchemaTupleFrontend - Setting key [pig.schematuple.classes] with classes to deserialize []
2022-04-07 04:11:33,269 [main] INFO  org.apache.pig.backend.hadoop.executionengine.mapReduceLayer.MapReduceLauncher - 1 map-reduce job(s) waiting for submission.
2022-04-07 04:11:33,273 [JobControl] INFO  org.apache.hadoop.yarn.client.RMProxy - Connecting to ResourceManager at winter2022-comp421-1.cs.mcgill.ca/132.206.51.211:8032
2022-04-07 04:11:33,279 [JobControl] INFO  org.apache.hadoop.conf.Configuration.deprecation - fs.default.name is deprecated. Instead, use fs.defaultFS
2022-04-07 04:11:33,295 [JobControl] WARN  org.apache.hadoop.mapreduce.JobResourceUploader - No job jar file set.  User classes may not be found. See Job or Job#setJar(String).
2022-04-07 04:11:33,323 [JobControl] INFO  org.apache.hadoop.mapreduce.lib.input.FileInputFormat - Total input paths to process : 1
2022-04-07 04:11:33,323 [JobControl] INFO  org.apache.pig.backend.hadoop.executionengine.util.MapRedUtil - Total input paths to process : 1
2022-04-07 04:11:33,323 [JobControl] INFO  org.apache.pig.backend.hadoop.executionengine.util.MapRedUtil - Total input paths (combined) to process : 1
2022-04-07 04:11:33,396 [JobControl] INFO  org.apache.hadoop.mapreduce.JobSubmitter - number of splits:1
2022-04-07 04:11:33,455 [JobControl] INFO  org.apache.hadoop.mapreduce.JobSubmitter - Submitting tokens for job: job_1646255334772_26444
2022-04-07 04:11:33,458 [JobControl] INFO  org.apache.hadoop.mapred.YARNRunner - Job jar is not present. Not adding any jar to the list of resources.
2022-04-07 04:11:33,480 [JobControl] INFO  org.apache.hadoop.yarn.client.api.impl.YarnClientImpl - Submitted application application_1646255334772_26444
2022-04-07 04:11:33,483 [JobControl] INFO  org.apache.hadoop.mapreduce.Job - The url to track the job: http://winter2022-comp421-1.cs.mcgill.ca:8088/proxy/application_1646255334772_26444/
2022-04-07 04:11:33,771 [main] INFO  org.apache.pig.backend.hadoop.executionengine.mapReduceLayer.MapReduceLauncher - HadoopJobId: job_1646255334772_26444
2022-04-07 04:11:33,771 [main] INFO  org.apache.pig.backend.hadoop.executionengine.mapReduceLayer.MapReduceLauncher - Processing aliases ordered
2022-04-07 04:11:33,771 [main] INFO  org.apache.pig.backend.hadoop.executionengine.mapReduceLayer.MapReduceLauncher - detailed locations: M: ordered[7,10] C:  R: 
2022-04-07 04:11:52,846 [main] INFO  org.apache.pig.backend.hadoop.executionengine.mapReduceLayer.MapReduceLauncher - 37% complete
2022-04-07 04:11:52,846 [main] INFO  org.apache.pig.backend.hadoop.executionengine.mapReduceLayer.MapReduceLauncher - Running jobs are [job_1646255334772_26444]
2022-04-07 04:12:03,360 [main] INFO  org.apache.pig.backend.hadoop.executionengine.mapReduceLayer.MapReduceLauncher - 50% complete
2022-04-07 04:12:03,360 [main] INFO  org.apache.pig.backend.hadoop.executionengine.mapReduceLayer.MapReduceLauncher - Running jobs are [job_1646255334772_26444]
2022-04-07 04:12:08,872 [main] INFO  org.apache.hadoop.yarn.client.RMProxy - Connecting to ResourceManager at winter2022-comp421-1.cs.mcgill.ca/132.206.51.211:8032
2022-04-07 04:12:08,877 [main] INFO  org.apache.hadoop.mapred.ClientServiceDelegate - Application state is completed. FinalApplicationStatus=SUCCEEDED. Redirecting to job history server
2022-04-07 04:12:08,919 [main] INFO  org.apache.hadoop.yarn.client.RMProxy - Connecting to ResourceManager at winter2022-comp421-1.cs.mcgill.ca/132.206.51.211:8032
2022-04-07 04:12:08,927 [main] INFO  org.apache.hadoop.mapred.ClientServiceDelegate - Application state is completed. FinalApplicationStatus=SUCCEEDED. Redirecting to job history server
2022-04-07 04:12:08,966 [main] INFO  org.apache.hadoop.yarn.client.RMProxy - Connecting to ResourceManager at winter2022-comp421-1.cs.mcgill.ca/132.206.51.211:8032
2022-04-07 04:12:08,970 [main] INFO  org.apache.hadoop.mapred.ClientServiceDelegate - Application state is completed. FinalApplicationStatus=SUCCEEDED. Redirecting to job history server
2022-04-07 04:12:09,010 [main] INFO  org.apache.pig.tools.pigstats.mapreduce.MRScriptState - Pig script settings are added to the job
2022-04-07 04:12:09,011 [main] INFO  org.apache.pig.backend.hadoop.executionengine.mapReduceLayer.JobControlCompiler - mapred.job.reduce.markreset.buffer.percent is not set, set to default 0.3
2022-04-07 04:12:09,011 [main] INFO  org.apache.pig.backend.hadoop.executionengine.mapReduceLayer.JobControlCompiler - Reduce phase detected, estimating # of required reducers.
2022-04-07 04:12:09,011 [main] INFO  org.apache.pig.backend.hadoop.executionengine.mapReduceLayer.JobControlCompiler - Setting Parallelism to 1
2022-04-07 04:12:09,011 [main] INFO  org.apache.pig.backend.hadoop.executionengine.mapReduceLayer.JobControlCompiler - This job cannot be converted run in-process
2022-04-07 04:12:09,175 [main] INFO  org.apache.pig.backend.hadoop.executionengine.mapReduceLayer.JobControlCompiler - Added jar file:/data/cs421/softwares/apache/pig-0.15.0/pig-0.15.0-core-h2.jar to DistributedCache through /tmp/temp1912907158/tmp-850013562/pig-0.15.0-core-h2.jar
2022-04-07 04:12:09,250 [main] INFO  org.apache.pig.backend.hadoop.executionengine.mapReduceLayer.JobControlCompiler - Added jar file:/data/cs421/softwares/apache/pig-0.15.0/lib/automaton-1.11-8.jar to DistributedCache through /tmp/temp1912907158/tmp-1474302457/automaton-1.11-8.jar
2022-04-07 04:12:09,319 [main] INFO  org.apache.pig.backend.hadoop.executionengine.mapReduceLayer.JobControlCompiler - Added jar file:/data/cs421/softwares/apache/pig-0.15.0/lib/antlr-runtime-3.4.jar to DistributedCache through /tmp/temp1912907158/tmp771942644/antlr-runtime-3.4.jar
2022-04-07 04:12:09,427 [main] INFO  org.apache.pig.backend.hadoop.executionengine.mapReduceLayer.JobControlCompiler - Added jar file:/data/cs421/softwares/apache/pig-0.15.0/lib/joda-time-2.5.jar to DistributedCache through /tmp/temp1912907158/tmp-222099005/joda-time-2.5.jar
2022-04-07 04:12:09,433 [main] INFO  org.apache.pig.backend.hadoop.executionengine.mapReduceLayer.JobControlCompiler - Setting up single store job
2022-04-07 04:12:09,434 [main] INFO  org.apache.pig.data.SchemaTupleFrontend - Key [pig.schematuple] is false, will not generate code.
2022-04-07 04:12:09,434 [main] INFO  org.apache.pig.data.SchemaTupleFrontend - Starting process to move generated code to distributed cacche
2022-04-07 04:12:09,434 [main] INFO  org.apache.pig.data.SchemaTupleFrontend - Setting key [pig.schematuple.classes] with classes to deserialize []
2022-04-07 04:12:09,452 [main] INFO  org.apache.pig.backend.hadoop.executionengine.mapReduceLayer.MapReduceLauncher - 1 map-reduce job(s) waiting for submission.
2022-04-07 04:12:09,455 [JobControl] INFO  org.apache.hadoop.yarn.client.RMProxy - Connecting to ResourceManager at winter2022-comp421-1.cs.mcgill.ca/132.206.51.211:8032
2022-04-07 04:12:09,461 [JobControl] INFO  org.apache.hadoop.conf.Configuration.deprecation - fs.default.name is deprecated. Instead, use fs.defaultFS
2022-04-07 04:12:09,484 [JobControl] WARN  org.apache.hadoop.mapreduce.JobResourceUploader - No job jar file set.  User classes may not be found. See Job or Job#setJar(String).
2022-04-07 04:12:09,504 [JobControl] INFO  org.apache.hadoop.mapreduce.lib.input.FileInputFormat - Total input paths to process : 1
2022-04-07 04:12:09,504 [JobControl] INFO  org.apache.pig.backend.hadoop.executionengine.util.MapRedUtil - Total input paths to process : 1
2022-04-07 04:12:09,505 [JobControl] INFO  org.apache.pig.backend.hadoop.executionengine.util.MapRedUtil - Total input paths (combined) to process : 1
2022-04-07 04:12:09,593 [JobControl] INFO  org.apache.hadoop.mapreduce.JobSubmitter - number of splits:1
2022-04-07 04:12:09,741 [JobControl] INFO  org.apache.hadoop.mapreduce.JobSubmitter - Submitting tokens for job: job_1646255334772_26450
2022-04-07 04:12:09,745 [JobControl] INFO  org.apache.hadoop.mapred.YARNRunner - Job jar is not present. Not adding any jar to the list of resources.
2022-04-07 04:12:09,767 [JobControl] INFO  org.apache.hadoop.yarn.client.api.impl.YarnClientImpl - Submitted application application_1646255334772_26450
2022-04-07 04:12:09,771 [JobControl] INFO  org.apache.hadoop.mapreduce.Job - The url to track the job: http://winter2022-comp421-1.cs.mcgill.ca:8088/proxy/application_1646255334772_26450/
2022-04-07 04:12:09,953 [main] INFO  org.apache.pig.backend.hadoop.executionengine.mapReduceLayer.MapReduceLauncher - HadoopJobId: job_1646255334772_26450
2022-04-07 04:12:09,953 [main] INFO  org.apache.pig.backend.hadoop.executionengine.mapReduceLayer.MapReduceLauncher - Processing aliases ordered
2022-04-07 04:12:09,953 [main] INFO  org.apache.pig.backend.hadoop.executionengine.mapReduceLayer.MapReduceLauncher - detailed locations: M: ordered[7,10] C:  R: 
2022-04-07 04:12:32,153 [main] INFO  org.apache.pig.backend.hadoop.executionengine.mapReduceLayer.MapReduceLauncher - 62% complete
2022-04-07 04:12:32,153 [main] INFO  org.apache.pig.backend.hadoop.executionengine.mapReduceLayer.MapReduceLauncher - Running jobs are [job_1646255334772_26450]
2022-04-07 04:12:49,184 [main] INFO  org.apache.pig.backend.hadoop.executionengine.mapReduceLayer.MapReduceLauncher - 75% complete
2022-04-07 04:12:49,184 [main] INFO  org.apache.pig.backend.hadoop.executionengine.mapReduceLayer.MapReduceLauncher - Running jobs are [job_1646255334772_26450]
2022-04-07 04:12:55,195 [main] INFO  org.apache.hadoop.yarn.client.RMProxy - Connecting to ResourceManager at winter2022-comp421-1.cs.mcgill.ca/132.206.51.211:8032
2022-04-07 04:12:55,199 [main] INFO  org.apache.hadoop.mapred.ClientServiceDelegate - Application state is completed. FinalApplicationStatus=SUCCEEDED. Redirecting to job history server
2022-04-07 04:12:55,242 [main] INFO  org.apache.hadoop.yarn.client.RMProxy - Connecting to ResourceManager at winter2022-comp421-1.cs.mcgill.ca/132.206.51.211:8032
2022-04-07 04:12:55,245 [main] INFO  org.apache.hadoop.mapred.ClientServiceDelegate - Application state is completed. FinalApplicationStatus=SUCCEEDED. Redirecting to job history server
2022-04-07 04:12:55,278 [main] INFO  org.apache.hadoop.yarn.client.RMProxy - Connecting to ResourceManager at winter2022-comp421-1.cs.mcgill.ca/132.206.51.211:8032
2022-04-07 04:12:55,281 [main] INFO  org.apache.hadoop.mapred.ClientServiceDelegate - Application state is completed. FinalApplicationStatus=SUCCEEDED. Redirecting to job history server
2022-04-07 04:12:55,319 [main] INFO  org.apache.pig.tools.pigstats.mapreduce.MRScriptState - Pig script settings are added to the job
2022-04-07 04:12:55,319 [main] INFO  org.apache.pig.backend.hadoop.executionengine.mapReduceLayer.JobControlCompiler - mapred.job.reduce.markreset.buffer.percent is not set, set to default 0.3
2022-04-07 04:12:55,320 [main] INFO  org.apache.pig.backend.hadoop.executionengine.mapReduceLayer.JobControlCompiler - Reduce phase detected, estimating # of required reducers.
2022-04-07 04:12:55,320 [main] INFO  org.apache.pig.backend.hadoop.executionengine.mapReduceLayer.JobControlCompiler - Setting Parallelism to 1
2022-04-07 04:12:55,320 [main] INFO  org.apache.pig.backend.hadoop.executionengine.mapReduceLayer.JobControlCompiler - This job cannot be converted run in-process
2022-04-07 04:12:55,412 [main] INFO  org.apache.pig.backend.hadoop.executionengine.mapReduceLayer.JobControlCompiler - Added jar file:/data/cs421/softwares/apache/pig-0.15.0/pig-0.15.0-core-h2.jar to DistributedCache through /tmp/temp1912907158/tmp-123740921/pig-0.15.0-core-h2.jar
2022-04-07 04:12:55,446 [main] INFO  org.apache.pig.backend.hadoop.executionengine.mapReduceLayer.JobControlCompiler - Added jar file:/data/cs421/softwares/apache/pig-0.15.0/lib/automaton-1.11-8.jar to DistributedCache through /tmp/temp1912907158/tmp1252089164/automaton-1.11-8.jar
2022-04-07 04:12:55,486 [main] INFO  org.apache.pig.backend.hadoop.executionengine.mapReduceLayer.JobControlCompiler - Added jar file:/data/cs421/softwares/apache/pig-0.15.0/lib/antlr-runtime-3.4.jar to DistributedCache through /tmp/temp1912907158/tmp2067824653/antlr-runtime-3.4.jar
2022-04-07 04:12:55,515 [main] INFO  org.apache.pig.backend.hadoop.executionengine.mapReduceLayer.JobControlCompiler - Added jar file:/data/cs421/softwares/apache/pig-0.15.0/lib/joda-time-2.5.jar to DistributedCache through /tmp/temp1912907158/tmp-1771748989/joda-time-2.5.jar
2022-04-07 04:12:55,523 [main] INFO  org.apache.pig.backend.hadoop.executionengine.mapReduceLayer.JobControlCompiler - Setting up single store job
2022-04-07 04:12:55,524 [main] INFO  org.apache.pig.data.SchemaTupleFrontend - Key [pig.schematuple] is false, will not generate code.
2022-04-07 04:12:55,524 [main] INFO  org.apache.pig.data.SchemaTupleFrontend - Starting process to move generated code to distributed cacche
2022-04-07 04:12:55,524 [main] INFO  org.apache.pig.data.SchemaTupleFrontend - Setting key [pig.schematuple.classes] with classes to deserialize []
2022-04-07 04:12:55,532 [main] INFO  org.apache.pig.backend.hadoop.executionengine.mapReduceLayer.MapReduceLauncher - 1 map-reduce job(s) waiting for submission.
2022-04-07 04:12:55,535 [JobControl] INFO  org.apache.hadoop.yarn.client.RMProxy - Connecting to ResourceManager at winter2022-comp421-1.cs.mcgill.ca/132.206.51.211:8032
2022-04-07 04:12:55,540 [JobControl] INFO  org.apache.hadoop.conf.Configuration.deprecation - fs.default.name is deprecated. Instead, use fs.defaultFS
2022-04-07 04:12:55,555 [JobControl] WARN  org.apache.hadoop.mapreduce.JobResourceUploader - No job jar file set.  User classes may not be found. See Job or Job#setJar(String).
2022-04-07 04:12:55,584 [JobControl] INFO  org.apache.hadoop.mapreduce.lib.input.FileInputFormat - Total input paths to process : 1
2022-04-07 04:12:55,584 [JobControl] INFO  org.apache.pig.backend.hadoop.executionengine.util.MapRedUtil - Total input paths to process : 1
2022-04-07 04:12:55,584 [JobControl] INFO  org.apache.pig.backend.hadoop.executionengine.util.MapRedUtil - Total input paths (combined) to process : 1
2022-04-07 04:12:55,698 [JobControl] INFO  org.apache.hadoop.mapreduce.JobSubmitter - number of splits:1
2022-04-07 04:12:55,749 [JobControl] INFO  org.apache.hadoop.mapreduce.JobSubmitter - Submitting tokens for job: job_1646255334772_26462
2022-04-07 04:12:55,752 [JobControl] INFO  org.apache.hadoop.mapred.YARNRunner - Job jar is not present. Not adding any jar to the list of resources.
2022-04-07 04:12:55,774 [JobControl] INFO  org.apache.hadoop.yarn.client.api.impl.YarnClientImpl - Submitted application application_1646255334772_26462
2022-04-07 04:12:55,776 [JobControl] INFO  org.apache.hadoop.mapreduce.Job - The url to track the job: http://winter2022-comp421-1.cs.mcgill.ca:8088/proxy/application_1646255334772_26462/
2022-04-07 04:12:56,033 [main] INFO  org.apache.pig.backend.hadoop.executionengine.mapReduceLayer.MapReduceLauncher - HadoopJobId: job_1646255334772_26462
2022-04-07 04:12:56,033 [main] INFO  org.apache.pig.backend.hadoop.executionengine.mapReduceLayer.MapReduceLauncher - Processing aliases ordered
2022-04-07 04:12:56,033 [main] INFO  org.apache.pig.backend.hadoop.executionengine.mapReduceLayer.MapReduceLauncher - detailed locations: M: ordered[7,10] C:  R: 
2022-04-07 04:13:30,710 [main] INFO  org.apache.pig.backend.hadoop.executionengine.mapReduceLayer.MapReduceLauncher - 87% complete
2022-04-07 04:13:30,710 [main] INFO  org.apache.pig.backend.hadoop.executionengine.mapReduceLayer.MapReduceLauncher - Running jobs are [job_1646255334772_26462]
2022-04-07 04:13:36,217 [main] INFO  org.apache.pig.backend.hadoop.executionengine.mapReduceLayer.MapReduceLauncher - Running jobs are [job_1646255334772_26462]
2022-04-07 04:13:41,229 [main] INFO  org.apache.hadoop.yarn.client.RMProxy - Connecting to ResourceManager at winter2022-comp421-1.cs.mcgill.ca/132.206.51.211:8032
2022-04-07 04:13:41,234 [main] INFO  org.apache.hadoop.mapred.ClientServiceDelegate - Application state is completed. FinalApplicationStatus=SUCCEEDED. Redirecting to job history server
2022-04-07 04:13:41,317 [main] INFO  org.apache.hadoop.yarn.client.RMProxy - Connecting to ResourceManager at winter2022-comp421-1.cs.mcgill.ca/132.206.51.211:8032
2022-04-07 04:13:41,322 [main] INFO  org.apache.hadoop.mapred.ClientServiceDelegate - Application state is completed. FinalApplicationStatus=SUCCEEDED. Redirecting to job history server
2022-04-07 04:13:41,358 [main] INFO  org.apache.hadoop.yarn.client.RMProxy - Connecting to ResourceManager at winter2022-comp421-1.cs.mcgill.ca/132.206.51.211:8032
2022-04-07 04:13:41,362 [main] INFO  org.apache.hadoop.mapred.ClientServiceDelegate - Application state is completed. FinalApplicationStatus=SUCCEEDED. Redirecting to job history server
2022-04-07 04:13:41,393 [main] INFO  org.apache.pig.backend.hadoop.executionengine.mapReduceLayer.MapReduceLauncher - 100% complete
2022-04-07 04:13:41,431 [main] INFO  org.apache.pig.tools.pigstats.mapreduce.SimplePigStats - Script Statistics: 

HadoopVersion	PigVersion	UserId	StartedAt	FinishedAt	Features
2.7.2	0.15.0	nkabol	2022-04-07 04:10:51	2022-04-07 04:13:41	GROUP_BY,ORDER_BY,LIMIT

Success!

Job Stats (time in seconds):
JobId	Maps	Reduces	MaxMapTime	MinMapTime	AvgMapTime	MedianMapTime	MaxReduceTime	MinReduceTime	AvgReduceTime	MedianReducetime	Alias	Feature	Outputs
job_1646255334772_26435	1	1	14	14	14	14	3	3	3	3	countries,sum_countries,vax_info	GROUP_BY,COMBINER	
job_1646255334772_26444	1	1	2	2	2	2	6	6	6	6	ordered	SAMPLER	
job_1646255334772_26450	1	1	5	5	5	5	15	15	15	15	ordered	ORDER_BY,COMBINER	
job_1646255334772_26462	1	1	5	5	5	5	3	3	3	3	ordered		hdfs://winter2022-comp421-1.cs.mcgill.ca:9000/tmp/temp1912907158/tmp-820374889,

Input(s):
Successfully read 730 records (42609 bytes) from: "/data/vaccination-metadata.csv"

Output(s):
Successfully stored 10 records (287 bytes) in: "hdfs://winter2022-comp421-1.cs.mcgill.ca:9000/tmp/temp1912907158/tmp-820374889"

Counters:
Total records written : 10
Total bytes written : 287
Spillable Memory Manager spill count : 0
Total bags proactively spilled: 0
Total records proactively spilled: 0

Job DAG:
job_1646255334772_26435	->	job_1646255334772_26444,
job_1646255334772_26444	->	job_1646255334772_26450,
job_1646255334772_26450	->	job_1646255334772_26462,
job_1646255334772_26462


2022-04-07 04:13:41,433 [main] INFO  org.apache.hadoop.yarn.client.RMProxy - Connecting to ResourceManager at winter2022-comp421-1.cs.mcgill.ca/132.206.51.211:8032
2022-04-07 04:13:41,439 [main] INFO  org.apache.hadoop.mapred.ClientServiceDelegate - Application state is completed. FinalApplicationStatus=SUCCEEDED. Redirecting to job history server
2022-04-07 04:13:41,466 [main] INFO  org.apache.hadoop.yarn.client.RMProxy - Connecting to ResourceManager at winter2022-comp421-1.cs.mcgill.ca/132.206.51.211:8032
2022-04-07 04:13:41,468 [main] INFO  org.apache.hadoop.mapred.ClientServiceDelegate - Application state is completed. FinalApplicationStatus=SUCCEEDED. Redirecting to job history server
2022-04-07 04:13:41,493 [main] INFO  org.apache.hadoop.yarn.client.RMProxy - Connecting to ResourceManager at winter2022-comp421-1.cs.mcgill.ca/132.206.51.211:8032
2022-04-07 04:13:41,495 [main] INFO  org.apache.hadoop.mapred.ClientServiceDelegate - Application state is completed. FinalApplicationStatus=SUCCEEDED. Redirecting to job history server
2022-04-07 04:13:41,524 [main] INFO  org.apache.hadoop.yarn.client.RMProxy - Connecting to ResourceManager at winter2022-comp421-1.cs.mcgill.ca/132.206.51.211:8032
2022-04-07 04:13:41,527 [main] INFO  org.apache.hadoop.mapred.ClientServiceDelegate - Application state is completed. FinalApplicationStatus=SUCCEEDED. Redirecting to job history server
2022-04-07 04:13:41,555 [main] INFO  org.apache.hadoop.yarn.client.RMProxy - Connecting to ResourceManager at winter2022-comp421-1.cs.mcgill.ca/132.206.51.211:8032
2022-04-07 04:13:41,558 [main] INFO  org.apache.hadoop.mapred.ClientServiceDelegate - Application state is completed. FinalApplicationStatus=SUCCEEDED. Redirecting to job history server
2022-04-07 04:13:41,581 [main] INFO  org.apache.hadoop.yarn.client.RMProxy - Connecting to ResourceManager at winter2022-comp421-1.cs.mcgill.ca/132.206.51.211:8032
2022-04-07 04:13:41,584 [main] INFO  org.apache.hadoop.mapred.ClientServiceDelegate - Application state is completed. FinalApplicationStatus=SUCCEEDED. Redirecting to job history server
2022-04-07 04:13:41,604 [main] INFO  org.apache.hadoop.yarn.client.RMProxy - Connecting to ResourceManager at winter2022-comp421-1.cs.mcgill.ca/132.206.51.211:8032
2022-04-07 04:13:41,606 [main] INFO  org.apache.hadoop.mapred.ClientServiceDelegate - Application state is completed. FinalApplicationStatus=SUCCEEDED. Redirecting to job history server
2022-04-07 04:13:41,636 [main] INFO  org.apache.hadoop.yarn.client.RMProxy - Connecting to ResourceManager at winter2022-comp421-1.cs.mcgill.ca/132.206.51.211:8032
2022-04-07 04:13:41,638 [main] INFO  org.apache.hadoop.mapred.ClientServiceDelegate - Application state is completed. FinalApplicationStatus=SUCCEEDED. Redirecting to job history server
2022-04-07 04:13:41,664 [main] INFO  org.apache.hadoop.yarn.client.RMProxy - Connecting to ResourceManager at winter2022-comp421-1.cs.mcgill.ca/132.206.51.211:8032
2022-04-07 04:13:41,667 [main] INFO  org.apache.hadoop.mapred.ClientServiceDelegate - Application state is completed. FinalApplicationStatus=SUCCEEDED. Redirecting to job history server
2022-04-07 04:13:41,691 [main] INFO  org.apache.hadoop.yarn.client.RMProxy - Connecting to ResourceManager at winter2022-comp421-1.cs.mcgill.ca/132.206.51.211:8032
2022-04-07 04:13:41,693 [main] INFO  org.apache.hadoop.mapred.ClientServiceDelegate - Application state is completed. FinalApplicationStatus=SUCCEEDED. Redirecting to job history server
2022-04-07 04:13:41,715 [main] INFO  org.apache.hadoop.yarn.client.RMProxy - Connecting to ResourceManager at winter2022-comp421-1.cs.mcgill.ca/132.206.51.211:8032
2022-04-07 04:13:41,718 [main] INFO  org.apache.hadoop.mapred.ClientServiceDelegate - Application state is completed. FinalApplicationStatus=SUCCEEDED. Redirecting to job history server
2022-04-07 04:13:41,738 [main] INFO  org.apache.hadoop.yarn.client.RMProxy - Connecting to ResourceManager at winter2022-comp421-1.cs.mcgill.ca/132.206.51.211:8032
2022-04-07 04:13:41,741 [main] INFO  org.apache.hadoop.mapred.ClientServiceDelegate - Application state is completed. FinalApplicationStatus=SUCCEEDED. Redirecting to job history server
2022-04-07 04:13:41,764 [main] INFO  org.apache.pig.backend.hadoop.executionengine.mapReduceLayer.MapReduceLauncher - Success!
2022-04-07 04:13:41,767 [main] INFO  org.apache.hadoop.conf.Configuration.deprecation - fs.default.name is deprecated. Instead, use fs.defaultFS
2022-04-07 04:13:41,767 [main] INFO  org.apache.pig.data.SchemaTupleBackend - Key [pig.schematuple] was not set... will not generate code.
2022-04-07 04:13:41,770 [main] INFO  org.apache.hadoop.mapreduce.lib.input.FileInputFormat - Total input paths to process : 1
2022-04-07 04:13:41,770 [main] INFO  org.apache.pig.backend.hadoop.executionengine.util.MapRedUtil - Total input paths to process : 1
(AstraZeneca,131)
(Pfizer BioNTech,128)
(Serum Institute of India,91)
(Moderna,89)
(Janssen Pharmaceuticals,77)
(Beijing Bio-Institute Biological Products (CNBG),76)
(Gamaleya Research Institute,58)
(Sinovac,46)
(Bharat Biotech,11)
(CanSino Biologicals,6)
2022-04-07 04:13:41,835 [main] INFO  org.apache.pig.Main - Pig script completed in 2 minutes, 53 seconds and 485 milliseconds (173485 ms)
